<html>
<head>
<title>TestNG:  RunAllPackage</title>
<link href="../testng.css" rel="stylesheet" type="text/css" />
<link href="../my-testng.css" rel="stylesheet" type="text/css" />

<style type="text/css">
.log { display: none;} 
.stack-trace { display: none;} 
</style>
<script type="text/javascript">
<!--
function flip(e) {
  current = e.style.display;
  if (current == 'block') {
    e.style.display = 'none';
    return 0;
  }
  else {
    e.style.display = 'block';
    return 1;
  }
}

function toggleBox(szDivId, elem, msg1, msg2)
{
  var res = -1;  if (document.getElementById) {
    res = flip(document.getElementById(szDivId));
  }
  else if (document.all) {
    // this is the way old msie versions work
    res = flip(document.all[szDivId]);
  }
  if(elem) {
    if(res == 0) elem.innerHTML = msg1; else elem.innerHTML = msg2;
  }

}

function toggleAllBoxes() {
  if (document.getElementsByTagName) {
    d = document.getElementsByTagName('div');
    for (i = 0; i < d.length; i++) {
      if (d[i].className == 'log') {
        flip(d[i]);
      }
    }
  }
}

// -->
</script>

</head>
<body>
<h2 align='center'>RunAllPackage</h2><table border='1' align="center">
<tr>
<td>Tests passed/Failed/Skipped:</td><td>21/2/0</td>
</tr><tr>
<td>Started on:</td><td>Sun Sep 18 14:22:41 CDT 2022</td>
</tr>
<tr><td>Total time:</td><td>0 seconds (155 ms)</td>
</tr><tr>
<td>Included groups:</td><td></td>
</tr><tr>
<td>Excluded groups:</td><td></td>
</tr>
</table><p/>
<small><i>(Hover the method name to see the test class name)</i></small><p/>
<table width='100%' border='1' class='invocation-failed'>
<tr><td colspan='4' align='center'><b>FAILED TESTS</b></td></tr>
<tr><td><b>Test method</b></td>
<td width="30%"><b>Exception</b></td>
<td width="10%"><b>Time (seconds)</b></td>
<td><b>Instance</b></td>
</tr>
<tr>
<td title='test.Test3.MobileFeatures5()'><b>MobileFeatures5</b><br>Test class: test.Test3</td>
<td><div><pre>java.lang.AssertionError: expected [true] but found [false]
	at test.Test3.MobileFeatures5(Test3.java:49)
	at java.base/java.util.ArrayList.forEach(ArrayList.java:1511)
... Removed 31 stack frames</pre></div><a href='#' onClick='toggleBox("stack-trace1640296160", this, "Click to show all stack frames", "Click to hide stack frames")'>Click to show all stack frames</a>
<div class='stack-trace' id='stack-trace1640296160'><pre>java.lang.AssertionError: expected [true] but found [false]
	at org.testng.Assert.fail(Assert.java:99)
	at org.testng.Assert.failNotEquals(Assert.java:1037)
	at org.testng.Assert.assertTrue(Assert.java:45)
	at org.testng.Assert.assertTrue(Assert.java:55)
	at test.Test3.MobileFeatures5(Test3.java:49)
	at java.base/jdk.internal.reflect.NativeMethodAccessorImpl.invoke0(Native Method)
	at java.base/jdk.internal.reflect.NativeMethodAccessorImpl.invoke(NativeMethodAccessorImpl.java:77)
	at java.base/jdk.internal.reflect.DelegatingMethodAccessorImpl.invoke(DelegatingMethodAccessorImpl.java:43)
	at java.base/java.lang.reflect.Method.invoke(Method.java:568)
	at org.testng.internal.MethodInvocationHelper.invokeMethod(MethodInvocationHelper.java:133)
	at org.testng.internal.TestInvoker.invokeMethod(TestInvoker.java:598)
	at org.testng.internal.TestInvoker.invokeTestMethod(TestInvoker.java:173)
	at org.testng.internal.MethodRunner.runInSequence(MethodRunner.java:46)
	at org.testng.internal.TestInvoker$MethodInvocationAgent.invoke(TestInvoker.java:824)
	at org.testng.internal.TestInvoker.invokeTestMethods(TestInvoker.java:146)
	at org.testng.internal.TestMethodWorker.invokeTestMethods(TestMethodWorker.java:146)
	at org.testng.internal.TestMethodWorker.run(TestMethodWorker.java:128)
	at java.base/java.util.ArrayList.forEach(ArrayList.java:1511)
	at org.testng.TestRunner.privateRun(TestRunner.java:794)
	at org.testng.TestRunner.run(TestRunner.java:596)
	at org.testng.SuiteRunner.runTest(SuiteRunner.java:377)
	at org.testng.SuiteRunner.runSequentially(SuiteRunner.java:371)
	at org.testng.SuiteRunner.privateRun(SuiteRunner.java:332)
	at org.testng.SuiteRunner.run(SuiteRunner.java:276)
	at org.testng.SuiteRunnerWorker.runSuite(SuiteRunnerWorker.java:53)
	at org.testng.SuiteRunnerWorker.run(SuiteRunnerWorker.java:96)
	at org.testng.TestNG.runSuitesSequentially(TestNG.java:1212)
	at org.testng.TestNG.runSuitesLocally(TestNG.java:1134)
	at org.testng.TestNG.runSuites(TestNG.java:1063)
	at org.testng.TestNG.run(TestNG.java:1031)
	at org.testng.remote.AbstractRemoteTestNG.run(AbstractRemoteTestNG.java:115)
	at org.testng.remote.RemoteTestNG.initAndRun(RemoteTestNG.java:251)
	at org.testng.remote.RemoteTestNG.main(RemoteTestNG.java:77)
</pre></div></td>
<td>0</td>
<td>test.Test3@71def8f8</td></tr>
<tr>
<td title='test.Test3.Features4()'><b>Features4</b><br>Test class: test.Test3</td>
<td><div><pre>org.testng.TestNGException: 
Parameter &apos;URL&apos; is required by @Test on method Features4 but has not been marked @Optional or defined
in C:\Users\Abraham\eclipse-workspace\TestNGFrameWrk\testng2.xml
	at java.base/java.util.ArrayList.forEach(ArrayList.java:1511)
... Removed 26 stack frames</pre></div><a href='#' onClick='toggleBox("stack-trace1138697171", this, "Click to show all stack frames", "Click to hide stack frames")'>Click to show all stack frames</a>
<div class='stack-trace' id='stack-trace1138697171'><pre>org.testng.TestNGException: 
Parameter &apos;URL&apos; is required by @Test on method Features4 but has not been marked @Optional or defined
in C:\Users\Abraham\eclipse-workspace\TestNGFrameWrk\testng2.xml
	at org.testng.internal.Parameters.createParams(Parameters.java:270)
	at org.testng.internal.Parameters.createParametersForMethod(Parameters.java:358)
	at org.testng.internal.Parameters.createParameters(Parameters.java:700)
	at org.testng.internal.Parameters.handleParameters(Parameters.java:884)
	at org.testng.internal.Parameters.handleParameters(Parameters.java:740)
	at org.testng.internal.ParameterHandler.handleParameters(ParameterHandler.java:59)
	at org.testng.internal.ParameterHandler.createParameters(ParameterHandler.java:38)
	at org.testng.internal.TestInvoker$MethodInvocationAgent.invoke(TestInvoker.java:791)
	at org.testng.internal.TestInvoker.invokeTestMethods(TestInvoker.java:146)
	at org.testng.internal.TestMethodWorker.invokeTestMethods(TestMethodWorker.java:146)
	at org.testng.internal.TestMethodWorker.run(TestMethodWorker.java:128)
	at java.base/java.util.ArrayList.forEach(ArrayList.java:1511)
	at org.testng.TestRunner.privateRun(TestRunner.java:794)
	at org.testng.TestRunner.run(TestRunner.java:596)
	at org.testng.SuiteRunner.runTest(SuiteRunner.java:377)
	at org.testng.SuiteRunner.runSequentially(SuiteRunner.java:371)
	at org.testng.SuiteRunner.privateRun(SuiteRunner.java:332)
	at org.testng.SuiteRunner.run(SuiteRunner.java:276)
	at org.testng.SuiteRunnerWorker.runSuite(SuiteRunnerWorker.java:53)
	at org.testng.SuiteRunnerWorker.run(SuiteRunnerWorker.java:96)
	at org.testng.TestNG.runSuitesSequentially(TestNG.java:1212)
	at org.testng.TestNG.runSuitesLocally(TestNG.java:1134)
	at org.testng.TestNG.runSuites(TestNG.java:1063)
	at org.testng.TestNG.run(TestNG.java:1031)
	at org.testng.remote.AbstractRemoteTestNG.run(AbstractRemoteTestNG.java:115)
	at org.testng.remote.RemoteTestNG.initAndRun(RemoteTestNG.java:251)
	at org.testng.remote.RemoteTestNG.main(RemoteTestNG.java:77)
</pre></div></td>
<td>0</td>
<td>test.Test3@71def8f8</td></tr>
</table><p>
<table width='100%' border='1' class='invocation-passed'>
<tr><td colspan='4' align='center'><b>PASSED TESTS</b></td></tr>
<tr><td><b>Test method</b></td>
<td width="30%"><b>Exception</b></td>
<td width="10%"><b>Time (seconds)</b></td>
<td><b>Instance</b></td>
</tr>
<tr>
<td title='test.Test3.Features8()'><b>Features8</b><br>Test class: test.Test3</td>
<td></td>
<td>0</td>
<td>test.Test3@71def8f8</td></tr>
<tr>
<td title='test.Test5.Test5Method2()'><b>Test5Method2</b><br>Test class: test.Test5</td>
<td></td>
<td>0</td>
<td>test.Test5@5562c41e</td></tr>
<tr>
<td title='test.Test3.AboutUs()'><b>AboutUs</b><br>Test class: test.Test3</td>
<td></td>
<td>0</td>
<td>test.Test3@71def8f8</td></tr>
<tr>
<td title='test.Test5.Test5Method6()'><b>Test5Method6</b><br>Test class: test.Test5</td>
<td></td>
<td>0</td>
<td>test.Test5@5562c41e</td></tr>
<tr>
<td title='test.Test2.Blog()'><b>Blog</b><br>Test class: test.Test2</td>
<td></td>
<td>0</td>
<td>test.Test2@156b88f5</td></tr>
<tr>
<td title='test.Test3.BuyRecord()'><b>BuyRecord</b><br>Test class: test.Test3</td>
<td></td>
<td>0</td>
<td>test.Test3@71def8f8</td></tr>
<tr>
<td title='test.Test3.MobileFeatures7()'><b>MobileFeatures7</b><br>Test class: test.Test3</td>
<td></td>
<td>0</td>
<td>test.Test3@71def8f8</td></tr>
<tr>
<td title='test.Test3.CartCheckOut()'><b>CartCheckOut</b><br>Test class: test.Test3<br>Parameters: Third User Name  , Third Password</td>
<td></td>
<td>0</td>
<td>test.Test3@71def8f8</td></tr>
<tr>
<td title='test.Test3.CartCheckOut()'><b>CartCheckOut</b><br>Test class: test.Test3<br>Parameters: Second User Name  , Second Password</td>
<td></td>
<td>0</td>
<td>test.Test3@71def8f8</td></tr>
<tr>
<td title='test.Test3.CartCheckOut()'><b>CartCheckOut</b><br>Test class: test.Test3<br>Parameters: First User Name  , First Password</td>
<td></td>
<td>0</td>
<td>test.Test3@71def8f8</td></tr>
<tr>
<td title='test.Test5.Test5Method8()'><b>Test5Method8</b><br>Test class: test.Test5</td>
<td></td>
<td>0</td>
<td>test.Test5@5562c41e</td></tr>
<tr>
<td title='test.Test4.APIHome()'><b>APIHome</b><br>Test class: test.Test4</td>
<td></td>
<td>0</td>
<td>test.Test4@383bfa16</td></tr>
<tr>
<td title='test.Test4.MobileRegister()'><b>MobileRegister</b><br>Test class: test.Test4</td>
<td></td>
<td>0</td>
<td>test.Test4@383bfa16</td></tr>
<tr>
<td title='test.Test5.Test5Method3()'><b>Test5Method3</b><br>Test class: test.Test5</td>
<td></td>
<td>0</td>
<td>test.Test5@5562c41e</td></tr>
<tr>
<td title='test.Test3.ShoppingCart()'><b>ShoppingCart</b><br>Test class: test.Test3</td>
<td></td>
<td>0</td>
<td>test.Test3@71def8f8</td></tr>
<tr>
<td title='test.Test5.Test5Method9()'><b>Test5Method9</b><br>Test class: test.Test5</td>
<td></td>
<td>0</td>
<td>test.Test5@5562c41e</td></tr>
<tr>
<td title='test.Test3.MobileFeatures3()'><b>MobileFeatures3</b><br>Test class: test.Test3</td>
<td></td>
<td>0</td>
<td>test.Test3@71def8f8</td></tr>
<tr>
<td title='test.Test1.Register()'><b>Register</b><br>Test class: test.Test1</td>
<td></td>
<td>0</td>
<td>test.Test1@649bec2e</td></tr>
<tr>
<td title='test.Test4.WebRegister()'><b>WebRegister</b><br>Test class: test.Test4</td>
<td></td>
<td>0</td>
<td>test.Test4@383bfa16</td></tr>
<tr>
<td title='test.Test3.FAQs()'><b>FAQs</b><br>Test class: test.Test3</td>
<td></td>
<td>0</td>
<td>test.Test3@71def8f8</td></tr>
<tr>
<td title='test.Test5.Test5Method4()'><b>Test5Method4</b><br>Test class: test.Test5</td>
<td></td>
<td>0</td>
<td>test.Test5@5562c41e</td></tr>
</table><p>
</body>
</html>