<?xml version="1.0" encoding="UTF-8"?>
<!-- Generated by org.testng.reporters.JUnitReportReporter -->
<testsuite hostname="DESKTOP-GFO15FD" failures="1" tests="20" name="test.Test3" time="0.090" errors="0" timestamp="2022-09-16T22:07:27 CDT" skipped="0">
  <testcase classname="test.Test3" name="CartCheckOut" time="0.002"/>
  <system-out/>
  <testcase classname="test.Test3" name="CartCheckOut" time="0.002"/>
  <system-out/>
  <testcase classname="test.Test3" name="Features8" time="0.001"/>
  <system-out/>
  <testcase classname="test.Test3" name="FAQs" time="0.002"/>
  <system-out/>
  <testcase classname="test.Test3" name="CartCheckOut" time="0.001"/>
  <system-out/>
  <testcase classname="test.Test3" name="MobileFeatures7" time="0.002"/>
  <system-out/>
  <testcase classname="test.Test3" name="MobileFeatures3" time="0.005"/>
  <system-out/>
  <testcase classname="test.Test3" name="CartCheckOut" time="0.004"/>
  <system-out/>
  <testcase classname="test.Test3" name="CartCheckOut" time="0.001"/>
  <system-out/>
  <testcase classname="test.Test3" name="ShoppingCart" time="0.001"/>
  <system-out/>
  <testcase classname="test.Test3" name="AboutUs" time="0.016"/>
  <system-out/>
  <testcase classname="test.Test3" name="Features8" time="0.003"/>
  <system-out/>
  <testcase classname="test.Test3" name="CartCheckOut" time="0.003"/>
  <system-out/>
  <testcase classname="test.Test3" name="Features4" time="0.002"/>
  <system-out/>
  <testcase classname="test.Test3" name="Features4" time="0.002"/>
  <system-out/>
  <testcase classname="test.Test3" name="BuyRecord" time="0.010"/>
  <system-out/>
  <testcase classname="test.Test3" name="FAQs" time="0.004"/>
  <system-out/>
  <testcase classname="test.Test3" name="MobileFeatures5" time="0.008">
    <failure message="expected [true] but found [false]" type="java.lang.AssertionError">
      <![CDATA[java.lang.AssertionError: expected [true] but found [false]
at org.testng.Assert.fail(Assert.java:99)
at org.testng.Assert.failNotEquals(Assert.java:1037)
at org.testng.Assert.assertTrue(Assert.java:45)
at org.testng.Assert.assertTrue(Assert.java:55)
at test.Test3.MobileFeatures5(Test3.java:49)
at java.base/jdk.internal.reflect.NativeMethodAccessorImpl.invoke0(Native Method)
at java.base/jdk.internal.reflect.NativeMethodAccessorImpl.invoke(NativeMethodAccessorImpl.java:77)
at java.base/jdk.internal.reflect.DelegatingMethodAccessorImpl.invoke(DelegatingMethodAccessorImpl.java:43)
at java.base/java.lang.reflect.Method.invoke(Method.java:568)
at org.testng.internal.MethodInvocationHelper.invokeMethod(MethodInvocationHelper.java:133)
at org.testng.internal.TestInvoker.invokeMethod(TestInvoker.java:598)
at org.testng.internal.TestInvoker.invokeTestMethod(TestInvoker.java:173)
at org.testng.internal.MethodRunner.runInSequence(MethodRunner.java:46)
at org.testng.internal.TestInvoker$MethodInvocationAgent.invoke(TestInvoker.java:824)
at org.testng.internal.TestInvoker.invokeTestMethods(TestInvoker.java:146)
at org.testng.internal.TestMethodWorker.invokeTestMethods(TestMethodWorker.java:146)
at org.testng.internal.TestMethodWorker.run(TestMethodWorker.java:128)
at java.base/java.util.concurrent.ThreadPoolExecutor.runWorker(ThreadPoolExecutor.java:1136)
at java.base/java.util.concurrent.ThreadPoolExecutor$Worker.run(ThreadPoolExecutor.java:635)
at java.base/java.lang.Thread.run(Thread.java:833)
]]>
    </failure>
  </testcase> <!-- MobileFeatures5 -->
  <system-out/>
  <testcase classname="test.Test3" name="AboutUs" time="0.020"/>
  <system-out/>
  <testcase classname="test.Test3" name="ShoppingCart" time="0.001"/>
  <system-out/>
</testsuite> <!-- test.Test3 -->
